[    0.000000] Initializing cgroup subsys cpuset
[    0.000000] Initializing cgroup subsys cpu
[    0.000000] Initializing cgroup subsys cpuacct
[    0.000000] Linux version 4.4.0-165-generic (buildd@lgw01-amd64-027) (gcc version 5.4.0 20160609 (Ubuntu 5.4.0-6ubuntu1~16.04.10) ) #193-Ubuntu SMP Tue Sep 17 17:42:52 UTC 2019 (Ubuntu 4.4.0-165.193-generic 4.4.189)
[    0.000000] Command line: BOOT_IMAGE=/boot/vmlinuz-4.4.0-165-generic root=LABEL=cloudimg-rootfs ro console=tty1 console=ttyS0
[    0.000000] KERNEL supported cpus:
[    0.000000]   Intel GenuineIntel
[    0.000000]   AMD AuthenticAMD
[    0.000000]   Centaur CentaurHauls
[    0.000000] x86/fpu: xstate_offset[2]:  576, xstate_sizes[2]:  256
[    0.000000] x86/fpu: Supporting XSAVE feature 0x01: 'x87 floating point registers'
[    0.000000] x86/fpu: Supporting XSAVE feature 0x02: 'SSE registers'
[    0.000000] x86/fpu: Supporting XSAVE feature 0x04: 'AVX registers'
[    0.000000] x86/fpu: Enabled xstate features 0x7, context size is 832 bytes, using 'standard' format.
[    0.000000] e820: BIOS-provided physical RAM map:
[    0.000000] BIOS-e820: [mem 0x0000000000000000-0x000000000009fbff] usable
[    0.000000] BIOS-e820: [mem 0x000000000009fc00-0x000000000009ffff] reserved
[    0.000000] BIOS-e820: [mem 0x00000000000f0000-0x00000000000fffff] reserved
[    0.000000] BIOS-e820: [mem 0x0000000000100000-0x000000003ffeffff] usable
[    0.000000] BIOS-e820: [mem 0x000000003fff0000-0x000000003fffffff] ACPI data
[    0.000000] BIOS-e820: [mem 0x00000000fec00000-0x00000000fec00fff] reserved
[    0.000000] BIOS-e820: [mem 0x00000000fee00000-0x00000000fee00fff] reserved
[    0.000000] BIOS-e820: [mem 0x00000000fffc0000-0x00000000ffffffff] reserved
[    0.000000] NX (Execute Disable) protection: active
[    0.000000] SMBIOS 2.5 present.
[    0.000000] Hypervisor detected: KVM
[    0.000000] Kernel/User page tables isolation: disabled
[    0.000000] e820: last_pfn = 0x3fff0 max_arch_pfn = 0x400000000
[    0.000000] MTRR: Disabled
[    0.000000] x86/PAT: MTRRs disabled, skipping PAT initialization too.
[    0.000000] CPU MTRRs all blank - virtualized system.
[    0.000000] x86/PAT: Configuration [0-7]: WB  WT  UC- UC  WB  WT  UC- UC  
[    0.000000] found SMP MP-table at [mem 0x0009fff0-0x0009ffff] mapped at [ffff88000009fff0]
[    0.000000] Scanning 1 areas for low memory corruption
[    0.000000] RAMDISK: [mem 0x362fa000-0x37174fff]
[    0.000000] ACPI: Early table checksum verification disabled
[    0.000000] ACPI: RSDP 0x00000000000E0000 000024 (v02 VBOX  )
[    0.000000] ACPI: XSDT 0x000000003FFF0030 00003C (v01 VBOX   VBOXXSDT 00000001 ASL  00000061)
[    0.000000] ACPI: FACP 0x000000003FFF00F0 0000F4 (v04 VBOX   VBOXFACP 00000001 ASL  00000061)
[    0.000000] ACPI: DSDT 0x000000003FFF0470 0022EA (v02 VBOX   VBOXBIOS 00000002 INTL 20100528)
[    0.000000] ACPI: FACS 0x000000003FFF0200 000040
[    0.000000] ACPI: FACS 0x000000003FFF0200 000040
[    0.000000] ACPI: APIC 0x000000003FFF0240 00005C (v02 VBOX   VBOXAPIC 00000001 ASL  00000061)
[    0.000000] ACPI: SSDT 0x000000003FFF02A0 0001CC (v01 VBOX   VBOXCPUT 00000002 INTL 20100528)
[    0.000000] No NUMA configuration found
[    0.000000] Faking a node at [mem 0x0000000000000000-0x000000003ffeffff]
[    0.000000] NODE_DATA(0) allocated [mem 0x3ffeb000-0x3ffeffff]
[    0.000000] kvm-clock: Using msrs 4b564d01 and 4b564d00
[    0.000000] kvm-clock: cpu 0, msr 0:3ffe3001, primary cpu clock
[    0.000000] kvm-clock: using sched offset of 3415608893 cycles
[    0.000000] clocksource: kvm-clock: mask: 0xffffffffffffffff max_cycles: 0x1cd42e4dffb, max_idle_ns: 881590591483 ns
[    0.000000] Zone ranges:
[    0.000000]   DMA      [mem 0x0000000000001000-0x0000000000ffffff]
[    0.000000]   DMA32    [mem 0x0000000001000000-0x000000003ffeffff]
[    0.000000]   Normal   empty
[    0.000000]   Device   empty
[    0.000000] Movable zone start for each node
[    0.000000] Early memory node ranges
[    0.000000]   node   0: [mem 0x0000000000001000-0x000000000009efff]
[    0.000000]   node   0: [mem 0x0000000000100000-0x000000003ffeffff]
[    0.000000] Initmem setup node 0 [mem 0x0000000000001000-0x000000003ffeffff]
[    0.000000] ACPI: PM-Timer IO Port: 0x4008
[    0.000000] IOAPIC[0]: apic_id 2, version 32, address 0xfec00000, GSI 0-23
[    0.000000] ACPI: INT_SRC_OVR (bus 0 bus_irq 0 global_irq 2 dfl dfl)
[    0.000000] ACPI: INT_SRC_OVR (bus 0 bus_irq 9 global_irq 9 low level)
[    0.000000] Using ACPI (MADT) for SMP configuration information
[    0.000000] smpboot: Allowing 2 CPUs, 0 hotplug CPUs
[    0.000000] PM: Registered nosave memory: [mem 0x00000000-0x00000fff]
[    0.000000] PM: Registered nosave memory: [mem 0x0009f000-0x0009ffff]
[    0.000000] PM: Registered nosave memory: [mem 0x000a0000-0x000effff]
[    0.000000] PM: Registered nosave memory: [mem 0x000f0000-0x000fffff]
[    0.000000] e820: [mem 0x40000000-0xfebfffff] available for PCI devices
[    0.000000] Booting paravirtualized kernel on KVM
[    0.000000] clocksource: refined-jiffies: mask: 0xffffffff max_cycles: 0xffffffff, max_idle_ns: 7645519600211568 ns
[    0.000000] setup_percpu: NR_CPUS:512 nr_cpumask_bits:512 nr_cpu_ids:2 nr_node_ids:1
[    0.000000] PERCPU: Embedded 34 pages/cpu @ffff88003fc00000 s99544 r8192 d31528 u1048576
[    0.000000] Built 1 zonelists in Node order, mobility grouping on.  Total pages: 257912
[    0.000000] Policy zone: DMA32
[    0.000000] Kernel command line: BOOT_IMAGE=/boot/vmlinuz-4.4.0-165-generic root=LABEL=cloudimg-rootfs ro console=tty1 console=ttyS0
[    0.000000] PID hash table entries: 4096 (order: 3, 32768 bytes)
[    0.000000] Memory: 997732K/1048120K available (8621K kernel code, 1335K rwdata, 4032K rodata, 1484K init, 1284K bss, 50388K reserved, 0K cma-reserved)
[    0.000000] SLUB: HWalign=64, Order=0-3, MinObjects=0, CPUs=2, Nodes=1
[    0.000000] Hierarchical RCU implementation.
[    0.000000] 	Build-time adjustment of leaf fanout to 64.
[    0.000000] 	RCU restricting CPUs from NR_CPUS=512 to nr_cpu_ids=2.
[    0.000000] RCU: Adjusting geometry for rcu_fanout_leaf=64, nr_cpu_ids=2
[    0.000000] NR_IRQS:33024 nr_irqs:440 16
[    0.000000] Console: colour VGA+ 80x25
[    0.000000] console [tty1] enabled
[    0.000000] console [ttyS0] enabled
[    0.000000] tsc: Detected 1992.001 MHz processor
[    0.124158] Calibrating delay loop (skipped) preset value.. 3984.00 BogoMIPS (lpj=7968004)
[    0.125438] pid_max: default: 32768 minimum: 301
[    0.126222] ACPI: Core revision 20150930
[    0.127707] ACPI: 2 ACPI AML tables successfully acquired and loaded
[    0.128800] Security Framework initialized
[    0.129455] Yama: becoming mindful.
[    0.129993] AppArmor: AppArmor initialized
[    0.130723] Dentry cache hash table entries: 131072 (order: 8, 1048576 bytes)
[    0.131915] Inode-cache hash table entries: 65536 (order: 7, 524288 bytes)
[    0.135116] Mount-cache hash table entries: 2048 (order: 2, 16384 bytes)
[    0.136042] Mountpoint-cache hash table entries: 2048 (order: 2, 16384 bytes)
[    0.137267] Initializing cgroup subsys io
[    0.137902] Initializing cgroup subsys memory
[    0.138886] Initializing cgroup subsys devices
[    0.139604] Initializing cgroup subsys freezer
[    0.140238] Initializing cgroup subsys net_cls
[    0.140839] Initializing cgroup subsys perf_event
[    0.141589] Initializing cgroup subsys net_prio
[    0.142318] Initializing cgroup subsys hugetlb
[    0.143182] Initializing cgroup subsys pids
[    0.144867] mce: CPU supports 0 MCE banks
[    0.145461] Last level iTLB entries: 4KB 64, 2MB 8, 4MB 8
[    0.146298] Last level dTLB entries: 4KB 64, 2MB 0, 4MB 0, 1GB 4
[    0.147235] Spectre V1 : Mitigation: usercopy/swapgs barriers and __user pointer sanitization
[    0.148680] Spectre V2 : Mitigation: Enhanced IBRS
[    0.149408] Spectre V2 : Spectre v2 / SpectreRSB mitigation: Filling RSB on context switch
[    0.150718] Speculative Store Bypass: Vulnerable
[    0.153623] Freeing SMP alternatives memory: 36K
[    0.159522] ftrace: allocating 32318 entries in 127 pages
[    0.198096] smpboot: APIC(0) Converting physical 0 to logical package 0
[    0.199206] smpboot: Max logical packages: 1
[    0.200208] x2apic enabled
[    0.201102] Switched APIC routing to physical x2apic.
[    0.202706] ..TIMER: vector=0x30 apic1=0 pin1=2 apic2=-1 pin2=-1
[    0.312586] smpboot: CPU0: Intel(R) Core(TM) i7-8565U CPU @ 1.80GHz (family: 0x6, model: 0x8e, stepping: 0xc)
[    0.314362] Performance Events: unsupported p6 CPU model 142 no PMU driver, software events only.
[    0.325079] KVM setup paravirtual spinlock
[    0.326388] x86: Booting SMP configuration:
[    0.326977] .... node  #0, CPUs:      #1
[    0.327803] kvm-clock: cpu 1, msr 0:3ffe3041, secondary cpu clock
[    0.329540] mce: CPU supports 0 MCE banks
[    0.331910] x86: Booted up 1 node, 2 CPUs
[    0.332651] smpboot: Total of 2 processors activated (7968.00 BogoMIPS)
[    0.333859] devtmpfs: initialized
[    0.336351] evm: security.selinux
[    0.336974] evm: security.SMACK64
[    0.337546] evm: security.SMACK64EXEC
[    0.338088] evm: security.SMACK64TRANSMUTE
[    0.338704] evm: security.SMACK64MMAP
[    0.339259] evm: security.ima
[    0.339842] evm: security.capability
[    0.340562] clocksource: jiffies: mask: 0xffffffff max_cycles: 0xffffffff, max_idle_ns: 7645041785100000 ns
[    0.341854] futex hash table entries: 512 (order: 3, 32768 bytes)
[    0.342873] pinctrl core: initialized pinctrl subsystem
[    0.344005] RTC time: 14:32:22, date: 10/09/19
[    0.346980] NET: Registered protocol family 16
[    0.356728] cpuidle: using governor ladder
[    0.372222] cpuidle: using governor menu
[    0.372924] PCCT header not found.
[    0.373503] ACPI: bus type PCI registered
[    0.374282] acpiphp: ACPI Hot Plug PCI Controller Driver version: 0.5
[    0.375241] PCI: Using configuration type 1 for base access
[    0.385649] ACPI: Added _OSI(Module Device)
[    0.386515] ACPI: Added _OSI(Processor Device)
[    0.387363] ACPI: Added _OSI(3.0 _SCP Extensions)
[    0.388123] ACPI: Added _OSI(Processor Aggregator Device)
[    0.389606] ACPI: Executed 1 blocks of module-level executable AML code
[    0.392095] ACPI: Interpreter enabled
[    0.392857] ACPI: (supports S0 S5)
[    0.393540] ACPI: Using IOAPIC for interrupt routing
[    0.395011] PCI: Using host bridge windows from ACPI; if necessary, use "pci=nocrs" and report a bug
[    0.400485] ACPI: PCI Root Bridge [PCI0] (domain 0000 [bus 00-ff])
[    0.401486] acpi PNP0A03:00: _OSC: OS supports [ASPM ClockPM Segments MSI]
[    0.402848] acpi PNP0A03:00: _OSC: not requesting OS control; OS requires [ExtendedConfig ASPM ClockPM MSI]
[    0.404333] acpi PNP0A03:00: fail to add MMCONFIG information, can't access extended PCI configuration space under this bridge.
[    0.406781] PCI host bridge to bus 0000:00
[    0.407464] pci_bus 0000:00: root bus resource [io  0x0000-0x0cf7 window]
[    0.408418] pci_bus 0000:00: root bus resource [io  0x0d00-0xffff window]
[    0.409406] pci_bus 0000:00: root bus resource [mem 0x000a0000-0x000bffff window]
[    0.410783] pci_bus 0000:00: root bus resource [mem 0x40000000-0xfdffffff window]
[    0.411999] pci_bus 0000:00: root bus resource [bus 00-ff]
[    0.414181] pci 0000:00:01.1: legacy IDE quirk: reg 0x10: [io  0x01f0-0x01f7]
[    0.415235] pci 0000:00:01.1: legacy IDE quirk: reg 0x14: [io  0x03f6]
[    0.416195] pci 0000:00:01.1: legacy IDE quirk: reg 0x18: [io  0x0170-0x0177]
[    0.417759] pci 0000:00:01.1: legacy IDE quirk: reg 0x1c: [io  0x0376]
[    0.430747] pci 0000:00:07.0: quirk: [io  0x4000-0x403f] claimed by PIIX4 ACPI
[    0.439432] pci 0000:00:07.0: quirk: [io  0x4100-0x410f] claimed by PIIX4 SMB
[    0.448241] ACPI: PCI Interrupt Link [LNKA] (IRQs 5 9 10 *11)
[    0.449923] ACPI: PCI Interrupt Link [LNKB] (IRQs 5 9 *10 11)
[    0.451372] ACPI: PCI Interrupt Link [LNKC] (IRQs 5 *9 10 11)
[    0.452921] ACPI: PCI Interrupt Link [LNKD] (IRQs 5 9 10 *11)
[    0.454013] ACPI: Enabled 2 GPEs in block 00 to 07
[    0.455234] vgaarb: setting as boot device: PCI:0000:00:02.0
[    0.456014] vgaarb: device added: PCI:0000:00:02.0,decodes=io+mem,owns=io+mem,locks=none
[    0.457301] vgaarb: loaded
[    0.457817] vgaarb: bridge control possible 0000:00:02.0
[    0.458771] SCSI subsystem initialized
[    0.459511] ACPI: bus type USB registered
[    0.460232] usbcore: registered new interface driver usbfs
[    0.461335] usbcore: registered new interface driver hub
[    0.462278] usbcore: registered new device driver usb
[    0.463371] PCI: Using ACPI for IRQ routing
[    0.464596] NetLabel: Initializing
[    0.465282] NetLabel:  domain hash size = 128
[    0.466058] NetLabel:  protocols = UNLABELED CIPSOv4
[    0.467305] NetLabel:  unlabeled traffic allowed by default
[    0.468401] amd_nb: Cannot enumerate AMD northbridges
[    0.469206] clocksource: Switched to clocksource kvm-clock
[    0.479532] AppArmor: AppArmor Filesystem Enabled
[    0.480236] pnp: PnP ACPI init
[    0.481315] pnp: PnP ACPI: found 3 devices
[    0.490796] clocksource: acpi_pm: mask: 0xffffff max_cycles: 0xffffff, max_idle_ns: 2085701024 ns
[    0.492065] NET: Registered protocol family 2
[    0.492890] TCP established hash table entries: 8192 (order: 4, 65536 bytes)
[    0.494128] TCP bind hash table entries: 8192 (order: 5, 131072 bytes)
[    0.495040] TCP: Hash tables configured (established 8192 bind 8192)
[    0.496101] UDP hash table entries: 512 (order: 2, 16384 bytes)
[    0.497372] UDP-Lite hash table entries: 512 (order: 2, 16384 bytes)
[    0.498370] NET: Registered protocol family 1
[    0.499038] pci 0000:00:00.0: Limiting direct PCI/PCI transfers
[    0.500121] pci 0000:00:01.0: Activating ISA DMA hang workarounds
[    0.503329] Unpacking initramfs...
[    0.717611] Freeing initrd memory: 14828K
[    0.718691] clocksource: tsc: mask: 0xffffffffffffffff max_cycles: 0x396d54029a7, max_idle_ns: 881590429682 ns
[    0.720363] platform rtc_cmos: registered platform RTC device (no PNP device found)
[    0.721698] Scanning for low memory corruption every 60 seconds
[    0.723149] audit: initializing netlink subsys (disabled)
[    0.723997] audit: type=2000 audit(1570631548.118:1): initialized
[    0.725111] Initialise system trusted keyring
[    0.726333] HugeTLB registered 2 MB page size, pre-allocated 0 pages
[    0.728591] zbud: loaded
[    0.729370] VFS: Disk quotas dquot_6.6.0
[    0.730014] VFS: Dquot-cache hash table entries: 512 (order 0, 4096 bytes)
[    0.731281] squashfs: version 4.0 (2009/01/31) Phillip Lougher
[    0.732540] fuse init (API version 7.23)
[    0.733519] Key type big_key registered
[    0.734257] Allocating IMA MOK and blacklist keyrings.
[    0.740715] Key type asymmetric registered
[    0.741753] Asymmetric key parser 'x509' registered
[    0.742609] Block layer SCSI generic (bsg) driver version 0.4 loaded (major 249)
[    0.744078] io scheduler noop registered
[    0.744708] io scheduler deadline registered (default)
[    0.745669] io scheduler cfq registered
[    0.746384] pci_hotplug: PCI Hot Plug PCI Core version: 0.5
[    0.747283] pciehp: PCI Express Hot Plug Controller Driver version: 0.4
[    0.748334] ACPI: AC Adapter [AC] (on-line)
[    0.749090] input: Power Button as /devices/LNXSYSTM:00/LNXPWRBN:00/input/input0
[    0.750362] ACPI: Power Button [PWRF]
[    0.751092] input: Sleep Button as /devices/LNXSYSTM:00/LNXSLPBN:00/input/input1
[    0.752290] ACPI: Sleep Button [SLPF]
[    0.753598] GHES: HEST is not enabled!
[    0.754326] ACPI: Battery Slot [BAT0] (battery present)
[    0.755590] Serial: 8250/16550 driver, 32 ports, IRQ sharing enabled
[    0.776938] 00:02: ttyS0 at I/O 0x3f8 (irq = 4, base_baud = 115200) is a 16550A
[    0.781082] Linux agpgart interface v0.103
[    0.783198] loop: module loaded
[    0.784171] scsi host0: ata_piix
[    0.784880] scsi host1: ata_piix
[    0.785508] ata1: PATA max UDMA/33 cmd 0x1f0 ctl 0x3f6 bmdma 0xd000 irq 14
[    0.786568] ata2: PATA max UDMA/33 cmd 0x170 ctl 0x376 bmdma 0xd008 irq 15
[    0.787704] libphy: Fixed MDIO Bus: probed
[    0.788435] tun: Universal TUN/TAP device driver, 1.6
[    0.789194] tun: (C) 1999-2004 Max Krasnyansky <maxk@qualcomm.com>
[    0.790479] PPP generic driver version 2.4.2
[    0.791217] ehci_hcd: USB 2.0 'Enhanced' Host Controller (EHCI) Driver
[    0.792105] ehci-pci: EHCI PCI platform driver
[    0.792832] ehci-platform: EHCI generic platform driver
[    0.793657] ohci_hcd: USB 1.1 'Open' Host Controller (OHCI) Driver
[    0.794462] ohci-pci: OHCI PCI platform driver
[    0.795106] ohci-platform: OHCI generic platform driver
[    0.795954] uhci_hcd: USB Universal Host Controller Interface driver
[    0.797073] i8042: PNP: PS/2 Controller [PNP0303:PS2K,PNP0f03:PS2M] at 0x60,0x64 irq 1,12
[    0.798841] serio: i8042 KBD port at 0x60,0x64 irq 1
[    0.799580] serio: i8042 AUX port at 0x60,0x64 irq 12
[    0.800629] mousedev: PS/2 mouse device common for all mice
[    0.801902] input: AT Translated Set 2 keyboard as /devices/platform/i8042/serio0/input/input2
[    0.803565] rtc_cmos rtc_cmos: rtc core: registered rtc_cmos as rtc0
[    0.804513] rtc_cmos rtc_cmos: alarms up to one day, 114 bytes nvram
[    0.805800] i2c /dev entries driver
[    0.806386] device-mapper: uevent: version 1.0.3
[    0.807550] device-mapper: ioctl: 4.34.0-ioctl (2015-10-28) initialised: dm-devel@redhat.com
[    0.808953] ledtrig-cpu: registered to indicate activity on CPUs
[    0.810360] NET: Registered protocol family 10
[    0.811316] NET: Registered protocol family 17
[    0.812054] Key type dns_resolver registered
[    0.813610] registered taskstats version 1
[    0.814238] Loading compiled-in X.509 certificates
[    0.815397] Loaded X.509 cert 'Build time autogenerated kernel key: 0ed82eac04367aa6426493b1389455ebf6830eaa'
[    0.816962] zswap: loaded using pool lzo/zbud
[    0.819574] Key type trusted registered
[    0.822143] Key type encrypted registered
[    0.822935] AppArmor: AppArmor sha1 policy hashing enabled
[    0.823716] ima: No TPM chip found, activating TPM-bypass!
[    0.824537] ima: Allocated hash algorithm: sha1
[    0.825278] evm: HMAC attrs: 0x1
[    0.826096]   Magic number: 7:662:535
[    0.827007] tty ttyS15: hash matches
[    0.827746] rtc_cmos rtc_cmos: setting system clock to 2019-10-09 14:32:23 UTC (1570631543)
[    0.829350] BIOS EDD facility v0.16 2004-Jun-25, 0 devices found
[    0.830240] EDD information not available.
[    0.945982] Freeing unused kernel memory: 1484K
[    0.949303] Write protecting the kernel read-only data: 14336k
[    0.954686] Freeing unused kernel memory: 1608K
[    0.957399] Freeing unused kernel memory: 64K
Loading, please wait...
starting version 229
[    0.971862] random: systemd-udevd: uninitialized urandom read (16 bytes read, 3 bits of entropy available)
[    0.972548] random: udevadm: uninitialized urandom read (16 bytes read, 3 bits of entropy available)
[    0.972566] random: udevadm: uninitialized urandom read (16 bytes read, 3 bits of entropy available)
[    0.977196] random: systemd-udevd: uninitialized urandom read (16 bytes read, 3 bits of entropy available)
[    0.978820] random: udevadm: uninitialized urandom read (16 bytes read, 3 bits of entropy available)
[    0.978851] random: udevadm: uninitialized urandom read (16 bytes read, 3 bits of entropy available)
[    0.978951] random: udevadm: uninitialized urandom read (16 bytes read, 3 bits of entropy available)
[    0.978981] random: udevadm: uninitialized urandom read (16 bytes read, 3 bits of entropy available)
[    0.979013] random: udevadm: uninitialized urandom read (16 bytes read, 3 bits of entropy available)
[    0.979049] random: udevadm: uninitialized urandom read (16 bytes read, 3 bits of entropy available)
[    1.017778] e1000: Intel(R) PRO/1000 Network Driver - version 7.3.21-k8-NAPI
[    1.019052] e1000: Copyright (c) 1999-2006 Intel Corporation.
[    1.021726] Fusion MPT base driver 3.04.20
[    1.022409] Copyright (c) 1999-2008 LSI Corporation
[    1.030341] Fusion MPT SPI Host driver 3.04.20
[    1.034766] AVX2 version of gcm_enc/dec engaged.
[    1.035577] AES CTR mode by8 optimization enabled
[    1.226477] input: ImExPS/2 Generic Explorer Mouse as /devices/platform/i8042/serio1/input/input4
[    1.367758] e1000 0000:00:03.0 eth0: (PCI:33MHz:32-bit) 02:0e:9b:2d:5b:92
[    1.369023] e1000 0000:00:03.0 eth0: Intel(R) PRO/1000 Network Connection
[    1.709798] e1000 0000:00:08.0 eth1: (PCI:33MHz:32-bit) 08:00:27:92:0c:e3
[    1.710911] e1000 0000:00:08.0 eth1: Intel(R) PRO/1000 Network Connection
[    1.712888] e1000 0000:00:03.0 enp0s3: renamed from eth0
[    1.714171] mptbase: ioc0: Initiating bringup
[    1.730009] e1000 0000:00:08.0 enp0s8: renamed from eth1
[    1.786204] ioc0: LSI53C1030 A0: Capabilities={Initiator}
[    2.762324] scsi host2: ioc0: LSI53C1030 A0, FwRev=00000000h, Ports=1, MaxQ=256, IRQ=20
[    3.453884] scsi 2:0:0:0: Direct-Access     VBOX     HARDDISK         1.0  PQ: 0 ANSI: 5
[    3.460588] scsi target2:0:0: Beginning Domain Validation
[    3.470042] scsi target2:0:0: Domain Validation skipping write tests
[    3.472917] scsi target2:0:0: Ending Domain Validation
[    3.475687] scsi target2:0:0: asynchronous
[    3.479692] scsi 2:0:1:0: Direct-Access     VBOX     HARDDISK         1.0  PQ: 0 ANSI: 5
[    3.483702] scsi target2:0:1: Beginning Domain Validation
[    3.503214] scsi target2:0:1: Domain Validation skipping write tests
[    3.504000] scsi target2:0:1: Ending Domain Validation
[    3.504687] scsi target2:0:1: asynchronous
[    3.510961] sd 2:0:0:0: [sda] 20971520 512-byte logical blocks: (10.7 GB/10.0 GiB)
[    3.511126] sd 2:0:0:0: Attached scsi generic sg0 type 0
[    3.511429] sd 2:0:1:0: Attached scsi generic sg1 type 0
[    3.511599] sd 2:0:1:0: [sdb] 20480 512-byte logical blocks: (10.5 MB/10.0 MiB)
[    3.511725] sd 2:0:1:0: [sdb] Write Protect is off
[    3.511816] sd 2:0:1:0: [sdb] Incomplete mode parameter data
[    3.511817] sd 2:0:1:0: [sdb] Assuming drive cache: write through
[    3.519490] sd 2:0:0:0: [sda] Write Protect is off
[    3.520809] sd 2:0:0:0: [sda] Incomplete mode parameter data
[    3.522168] sd 2:0:1:0: [sdb] Attached SCSI disk
[    3.523123] sd 2:0:0:0: [sda] Assuming drive cache: write through
[    3.526621]  sda: sda1
[    3.528362] sd 2:0:0:0: [sda] Attached SCSI disk
Begin: Loading essential drivers ... [    4.819171] md: linear personality registered for level -1
[    4.821779] md: multipath personality registered for level -4
[    4.824064] md: raid0 personality registered for level 0
[    4.827600] md: raid1 personality registered for level 1
[    4.897413] raid6: sse2x1   gen() 11728 MB/s
[    4.965365] raid6: sse2x1   xor()  8007 MB/s
[    5.033784] raid6: sse2x2   gen() 15805 MB/s
[    5.101353] raid6: sse2x2   xor() 10988 MB/s
[    5.169310] raid6: sse2x4   gen() 18079 MB/s
[    5.237857] raid6: sse2x4   xor() 10882 MB/s
[    5.305482] raid6: avx2x1   gen() 18863 MB/s
[    5.373638] raid6: avx2x2   gen() 26556 MB/s
[    5.441352] raid6: avx2x4   gen() 31272 MB/s
[    5.442202] raid6: using algorithm avx2x4 gen() 31272 MB/s
[    5.443396] raid6: using avx2x2 recovery algorithm
[    5.445947] xor: automatically using best checksumming function:
[    5.485418]    avx       : 28891.000 MB/sec
[    5.487659] async_tx: api initialized (async)
[    5.496981] md: raid6 personality registered for level 6
[    5.497978] md: raid5 personality registered for level 5
[    5.498892] md: raid4 personality registered for level 4
[    5.504775] md: raid10 personality registered for level 10
done.
Begin: Running /scripts/init-premount ... done.
Begin: Mounting root file system ... Begin: Running /scripts/local-top ... done.
Begin: Running /scripts/local-premount ... [    5.527894] Btrfs loaded
Scanning for Btrfs filesystems
done.
Warning: fsck not present, so skipping root file system
[    5.560802] EXT4-fs (sda1): mounted filesystem with ordered data mode. Opts: (null)
done.
Begin: Running /scripts/local-bottom ... done.
Begin: Running /scripts/init-bottom ... done.
[    5.645692] systemd[1]: systemd 229 running in system mode. (+PAM +AUDIT +SELINUX +IMA +APPARMOR +SMACK +SYSVINIT +UTMP +LIBCRYPTSETUP +GCRYPT +GNUTLS +ACL +XZ -LZ4 +SECCOMP +BLKID +ELFUTILS +KMOD -IDN)
[    5.649022] systemd[1]: Detected virtualization oracle.
[    5.649864] systemd[1]: Detected architecture x86-64.

Welcome to [1mUbuntu 16.04.6 LTS[0m!

[    5.659138] systemd[1]: Set hostname to <ubuntu-xenial>.
[    5.786692] systemd[1]: Listening on Journal Audit Socket.
[[0;32m  OK  [0m] Listening on Journal Audit Socket.
[    5.788921] systemd[1]: Created slice System Slice.
[[0;32m  OK  [0m] Created slice System Slice.
[    5.798188] systemd[1]: Listening on udev Control Socket.
[[0;32m  OK  [0m] Listening on udev Control Socket.
[    5.812985] systemd[1]: Created slice system-serial\x2dgetty.slice.
[[0;32m  OK  [0m] Created slice system-serial\x2dgetty.slice.
[    5.819121] systemd[1]: Reached target Encrypted Volumes.
[[0;32m  OK  [0m] Reached target Encrypted Volumes.
[    5.825039] systemd[1]: Reached target Swap.
[[0;32m  OK  [0m] Reached target Swap.
[    5.829441] systemd[1]: Started Forward Password Requests to Wall Directory Watch.
[[0;32m  OK  [0m] Started Forward Password Requests to Wall Directory Watch.
[    6.510933] systemd[1]: Listening on /dev/initctl Compatibility Named Pipe.
[[0;32m  OK  [0m] Listening on /dev/initctl Compatibility Named Pipe.
[    6.515593] systemd[1]: Reached target System Time Synchronized.
[[0;32m  OK  [0m] Reached target System Time Synchronized.
[    6.519824] systemd[1]: Created slice User and Session Slice.
[[0;32m  OK  [0m] Created slice User and Session Slice.
[    6.571303] systemd[1]: Reached target Slices.
[[0;32m  OK  [0m] Reached target Slices.
[    6.586814] systemd[1]: Reached target User and Group Name Lookups.
[[0;32m  OK  [0m] Reached target User and Group Name Lookups.
[    6.589358] systemd[1]: Set up automount Arbitrary Executable File Formats File System Automount Point.
[[0;32m  OK  [0m] Set up automount Arbitrary Executab...ats File System Automount Point.
[    6.665154] systemd[1]: Listening on udev Kernel Socket.
[[0;32m  OK  [0m] Listening on udev Kernel Socket.
[    6.697568] systemd[1]: Listening on Syslog Socket.
[[0;32m  OK  [0m] Listening on Syslog Socket.
[    6.703466] systemd[1]: Listening on Journal Socket (/dev/log).
[[0;32m  OK  [0m] Listening on Journal Socket (/dev/log).
[    6.718398] systemd[1]: Listening on Device-mapper event daemon FIFOs.
[[0;32m  OK  [0m] Listening on Device-mapper event daemon FIFOs.
[    6.722975] systemd[1]: Listening on LVM2 metadata daemon socket.
[[0;32m  OK  [0m] Listening on LVM2 metadata daemon socket.
[    6.727400] systemd[1]: Listening on LVM2 poll daemon socket.
[[0;32m  OK  [0m] Listening on LVM2 poll daemon socket.
[    6.760787] systemd[1]: Listening on Journal Socket.
[[0;32m  OK  [0m] Listening on Journal Socket.
[    6.781518] systemd[1]: Starting Nameserver information manager...
         Starting Nameserver information manager...
[    6.793640] systemd[1]: Mounting Debug File System...
         Mounting Debug File System...
[    6.807238] systemd[1]: Mounting POSIX Message Queue File System...
         Mounting POSIX Message Queue File System...
[    6.834468] systemd[1]: Starting Journal Service...
         Starting Journal Service...
[    6.838024] systemd[1]: Starting Uncomplicated firewall...
         Starting Uncomplicated firewall...
[    6.848167] systemd[1]: Starting Load Kernel Modules...
         Starting Load Kernel Modules...
[    6.851210] systemd[1]: Starting Remount Root and Kernel File Systems...
         Starting Remount Root and Kernel File Systems...
[    6.855377] systemd[1]: Starting Set console keymap...
         Starting Set console keymap...
[    6.863366] systemd[1]: Starting Create list of required static device nodes for the current kernel...
         Starting Create list of required st... nodes for the current kernel...
[    6.867708] Loading iSCSI transport class v2.0-870.
[    6.868074] systemd[1]: Mounting Huge Pages File System...
         Mounting Huge Pages File System...
[    6.878087] systemd[1]: Starting Monitoring of LVM2 mirrors, snapshots etc. using dmeventd or progress polling...
         Starting Monitoring of LVM2 mirrors... dmeventd or progress polling...
[    6.880505] systemd[1]: Started Trigger resolvconf update for networkd DNS.
[[0;32m  OK  [0m] Started Trigger resolvconf update for networkd DNS.
[    6.883464] systemd[1]: Mounted POSIX Message Queue File System.
[[0;32m  OK  [0m] Mounted POSIX Message Queue File System.
[    6.885504] systemd[1]: Mounted Debug File System.
[[0;32m  OK  [0m] Mounted Debug File System.
[    6.887306] systemd[1]: Mounted Huge Pages File System.
[[0;32m  OK  [0m] Mounted Huge Pages File System.
[    6.890456] systemd[1]: Started Uncomplicated firewall.
[[0;32m  OK  [0m] Started Uncomplicated firewall.
[    6.892929] systemd[1]: Started Create list of required static device nodes for the current kernel.
[[0;32m  OK  [0m] Started Create list of required sta...ce nodes for the current kernel.
[    6.896150] systemd[1]: Started Nameserver information manager.
[[0;32m  OK  [0m] Started Nameserver information manager.
[    6.904519] iscsi: registered transport (tcp)
[    6.906310] EXT4-fs (sda1): re-mounted. Opts: (null)
[    6.908785] systemd[1]: Started Remount Root and Kernel File Systems.
[[0;32m  OK  [0m] Started Remount Root and Kernel File Systems.
[    6.913336] systemd[1]: Started Journal Service.
[[0;32m  OK  [0m] Started Journal Service.
[    6.945480] iscsi: registered transport (iser)
         Starting Flush Journal to Persistent Storage...
         Starting udev Coldplug all Devices...
         Starting Load/Save Random Seed...
[[0;32m  OK  [0m] Started LVM2 metadata daemon.
         Starting Create Static Device Nodes in /dev...
[[0;32m  OK  [0m] Started Load Kernel Modules.
[[0;32m  OK  [0m] Started Set console keymap.
[[0;32m  OK  [0m] Started Load/Save Random Seed.
[    7.004074] systemd-journald[378]: Received request to flush runtime journal from PID 1
[[0;32m  OK  [0m] Started Create Static Device Nodes in /dev.
[[0;32m  OK  [0m] Started Flush Journal to Persistent Storage.
[[0;32m  OK  [0m] Started udev Coldplug all Devices.
         Starting udev Kernel Device Manager...
         Mounting FUSE Control File System...
         Starting Apply Kernel Variables...
[[0;32m  OK  [0m] Mounted FUSE Control File System.
[[0;32m  OK  [0m] Started Apply Kernel Variables.
[[0;32m  OK  [0m] Started udev Kernel Device Manager.
[[0;32m  OK  [0m] Started Dispatch Password Requests to Console Directory Watch.
[[0;32m  OK  [0m] Started Monitoring of LVM2 mirrors,...ng dmeventd or progress polling.
[[0;32m  OK  [0m] Reached target Local File Systems (Pre).
[[0;32m  OK  [0m] Reached target Local File Systems.
         Starting Initial cloud-init job (pre-networking)...
         Starting Tell Plymouth To Write Out Runtime Data...
         Starting Create Volatile Files and Directories...
         Starting LSB: AppArmor initialization...
         Starting Set console font and keymap...
[[0;32m  OK  [0m] Started Tell Plymouth To Write Out Runtime Data.
[[0;32m  OK  [0m] Started Create Volatile Files and Directories.
         Starting Update UTMP about System Boot/Shutdown...
[[0;32m  OK  [0m] Started Update UTMP about System Boot/Shutdown.
[[0;32m  OK  [0m] Started LSB: AppArmor initialization.
[[0;32m  OK  [0m] Found device /dev/ttyS0.
[[0;32m  OK  [0m] Listening on Load/Save RF Kill Switch Status /dev/rfkill Watch.
[[0;32m  OK  [0m] Found device 82540EM Gigabit Ethern...r (PRO/1000 MT Desktop Adapter).
[[0;32m  OK  [0m] Found device 82540EM Gigabit Ethern...r (PRO/1000 MT Desktop Adapter).
[[0;32m  OK  [0m] Started Set console font and keymap.
[[0;32m  OK  [0m] Created slice system-getty.slice.
[    7.708013] cloud-init[482]: Cloud-init v. 19.2-36-g059d049c-0ubuntu1~16.04.1 running 'init-local' at Wed, 09 Oct 2019 14:32:30 +0000. Up 7.44 seconds.
[[0;32m  OK  [0m] Started Initial cloud-init job (pre-networking).
[[0;32m  OK  [0m] Reached target Network (Pre).
         Starting Raise network interfaces...
[[0;32m  OK  [0m] Started ifup for enp0s3.
[[0;32m  OK  [0m] Started ifup for enp0s8.
[[0;32m  OK  [0m] Started Raise network interfaces.
[[0;32m  OK  [0m] Reached target Network.
         Starting Initial cloud-init job (metadata service crawler)...
[    8.388429] cloud-init[1079]: Cloud-init v. 19.2-36-g059d049c-0ubuntu1~16.04.1 running 'init' at Wed, 09 Oct 2019 14:32:31 +0000. Up 8.17 seconds.
[    8.389604] cloud-init[1079]: ci-info: ++++++++++++++++++++++++++++++++++++++Net device info++++++++++++++++++++++++++++++++++++++
[    8.390605] cloud-init[1079]: ci-info: +--------+------+----------------------------+---------------+--------+-------------------+
[    8.391549] cloud-init[1079]: ci-info: | Device |  Up  |          Address           |      Mask     | Scope  |     Hw-Address    |
[    8.392822] cloud-init[1079]: ci-info: +--------+------+----------------------------+---------------+--------+-------------------+
[    8.400676] cloud-init[1079]: ci-info: | enp0s3 | True |         10.0.2.15          | 255.255.255.0 | global | 02:0e:9b:2d:5b:92 |
[    8.408429] cloud-init[1079]: ci-info: | enp0s3 | True | fe80::e:9bff:fe2d:5b92/64  |       .       |  link  | 02:0e:9b:2d:5b:92 |
[    8.409759] cloud-init[1079]: ci-info: | enp0s8 | True |       192.168.10.100       | 255.255.255.0 | global | 08:00:27:92:0c:e3 |
[    8.416930] cloud-init[1079]: ci-info: | enp0s8 | True | fe80::a00:27ff:fe92:ce3/64 |       .       |  link  | 08:00:27:92:0c:e3 |
[    8.418327] cloud-init[1079]: ci-info: |   lo   | True |         127.0.0.1          |   255.0.0.0   |  host  |         .         |
[    8.419548] cloud-init[1079]: ci-info: |   lo   | True |          ::1/128           |       .       |  host  |         .         |
[    8.420998] cloud-init[1079]: ci-info: +--------+------+----------------------------+---------------+--------+-------------------+
[    8.422419] cloud-init[1079]: ci-info: ++++++++++++++++++++++++++++Route IPv4 info++++++++++++++++++++++++++++
[    8.423540] cloud-init[1079]: ci-info: +-------+--------------+----------+---------------+-----------+-------+
[    8.424701] cloud-init[1079]: ci-info: | Route | Destination  | Gateway  |    Genmask    | Interface | Flags |
[    8.425964] cloud-init[1079]: ci-info: +-------+--------------+----------+---------------+-----------+-------+
[    8.427087] cloud-init[1079]: ci-info: |   0   |   0.0.0.0    | 10.0.2.2 |    0.0.0.0    |   enp0s3  |   UG  |
[    8.428269] cloud-init[1079]: ci-info: |   1   |   10.0.2.0   | 0.0.0.0  | 255.255.255.0 |   enp0s3  |   U   |
[    8.429456] cloud-init[1079]: ci-info: |   2   | 192.168.10.0 | 0.0.0.0  | 255.255.255.0 |   enp0s8  |   U   |
[    8.430571] cloud-init[1079]: ci-info: +-------+--------------+----------+---------------+-----------+-------+
[    8.431795] cloud-init[1079]: ci-info: +++++++++++++++++++Route IPv6 info+++++++++++++++++++
[    8.432886] cloud-init[1079]: ci-info: +-------+-------------+---------+-----------+-------+
[    8.434011] cloud-init[1079]: ci-info: | Route | Destination | Gateway | Interface | Flags |
[    8.435075] cloud-init[1079]: ci-info: +-------+-------------+---------+-----------+-------+
[    8.436185] cloud-init[1079]: ci-info: |   0   |  fe80::/64  |    ::   |   enp0s8  |   U   |
[    8.437199] cloud-init[1079]: ci-info: |   1   |  fe80::/64  |    ::   |   enp0s3  |   U   |
[    8.438285] cloud-init[1079]: ci-info: |   4   |   ff00::/8  |    ::   |   enp0s8  |   U   |
[    8.439406] cloud-init[1079]: ci-info: |   5   |   ff00::/8  |    ::   |   enp0s3  |   U   |
[    8.440549] cloud-init[1079]: ci-info: +-------+-------------+---------+-----------+-------+
[[0;32m  OK  [0m] Started Initial cloud-init job (metadata service crawler).
[[0;32m  OK  [0m] Reached target Network is Online.
         Starting iSCSI initiator daemon (iscsid)...
[[0;32m  OK  [0m] Reached target Cloud-config availability.
[[0;32m  OK  [0m] Reached target System Initialization.
         Starting Socket activation for snappy daemon.
[[0;32m  OK  [0m] Listening on D-Bus System Message Bus Socket.
[[0;32m  OK  [0m] Started ACPI Events Check.
[[0;32m  OK  [0m] Reached target Paths.
[[0;32m  OK  [0m] Started Daily apt download activities.
[[0;32m  OK  [0m] Listening on ACPID Listen Socket.
[[0;32m  OK  [0m] Started Daily Cleanup of Temporary Directories.
         Starting LXD - unix socket.
[[0;32m  OK  [0m] Listening on UUID daemon activation socket.
[[0;32m  OK  [0m] Started Daily apt upgrade and clean activities.
[[0;32m  OK  [0m] Reached target Timers.
[[0;32m  OK  [0m] Listening on Socket activation for snappy daemon.
[[0;32m  OK  [0m] Listening on LXD - unix socket.
[[0;32m  OK  [0m] Started iSCSI initiator daemon (iscsid).
         Starting Login to default iSCSI targets...
[[0;32m  OK  [0m] Reached target Sockets.
[[0;32m  OK  [0m] Reached target Basic System.
         Starting LXD - container startup/shutdown...
         Starting System Logging Service...
         Starting A high performance web server and a reverse proxy server...
[[0;32m  OK  [0m] Started Regular background program processing daemon.
[[0;32m  OK  [0m] Started D-Bus System Message Bus.
[[0;32m  OK  [0m] Started ACPI event daemon.
         Starting Virtualbox guest utils...
         Starting OpenBSD Secure Shell server...
         Starting Accounts Service...
[[0;32m  OK  [0m] Started Deferred execution scheduler.
         Starting /etc/rc.local Compatibility...
         Starting Snappy daemon...
         Starting LSB: Record successful boot for GRUB...
[[0;32m  OK  [0m] Started FUSE filesystem for LXC.
         Starting LSB: MD monitoring daemon...
         Starting Login Service...
[[0;32m  OK  [0m] Started System Logging Service.
[[0;32m  OK  [0m] Started LXD - container startup/shutdown.
[[0;32m  OK  [0m] Started /etc/rc.local Compatibility.
[[0;32m  OK  [0m] Started OpenBSD Secure Shell server.
[[0;32m  OK  [0m] Started A high performance web server and a reverse proxy server.
[[0;32m  OK  [0m] Started Login to default iSCSI targets.
[[0;32m  OK  [0m] Started LSB: MD monitoring daemon.
[[0;32m  OK  [0m] Started LSB: Record successful boot for GRUB.
[[0;32m  OK  [0m] Started Virtualbox guest utils.
[[0;32m  OK  [0m] Started Login Service.
[[0;32m  OK  [0m] Started Unattended Upgrades Shutdown.
         Starting Authenticate and Authorize Users to Run Privileged Tasks...
[[0;32m  OK  [0m] Reached target Remote File Systems (Pre).
[[0;32m  OK  [0m] Reached target Remote File Systems.
         Starting LSB: Set the CPU Frequency Scaling governor to "ondemand"...
         Starting LSB: automatic crash report generation...
         Starting LSB: daemon to balance interrupts for SMP systems...
         Starting Permit User Sessions...
[[0;32m  OK  [0m] Started Authenticate and Authorize Users to Run Privileged Tasks.
[[0;32m  OK  [0m] Started Accounts Service.
[[0;32m  OK  [0m] Started Snappy daemon.
[[0;32m  OK  [0m] Started Permit User Sessions.
         Starting Hold until boot process finishes up...
         Starting Terminate Plymouth Boot Screen...
         Starting Wait until snapd is fully seeded...
[[0;32m  OK  [0m] Started LSB: Set the CPU Frequency Scaling governor to "ondemand".
[[0;32m  OK  [0m] Started Hold until boot process finishes up.
[[0;32m  OK  [0m] Started Terminate Plymouth Boot Screen.
[[0;32m  OK  [0m] Started LSB: automatic crash report generation.
[[0;32m  OK  [0m] Started LSB: daemon to balance interrupts for SMP systems.
[[0;32m  OK  [0m] Started Getty on tty1.
         Starting Set console scheme...
[[0;32m  OK  [0m] Started Serial Getty on ttyS0.
[[0;32m  OK  [0m] Reached target Login Prompts.
[[0;32m  OK  [0m] Started Wait until snapd is fully seeded.
[[0;32m  OK  [0m] Started Set console scheme.
         Starting Apply the settings specified in cloud-config...
[[0;32m  OK  [0m] Reached target Multi-User System.
[[0;32m  OK  [0m] Reached target Graphical Interface.
         Starting Update UTMP about System Runlevel Changes...
[[0;32m  OK  [0m] Started Update UTMP about System Runlevel Changes.
[    9.274068] cloud-init[1343]: Cloud-init v. 19.2-36-g059d049c-0ubuntu1~16.04.1 running 'modules:config' at Wed, 09 Oct 2019 14:32:32 +0000. Up 9.20 seconds.
[[0;32m  OK  [0m] Started Apply the settings specified in cloud-config.
         Starting Execute cloud user/final scripts...
[    9.616094] cloud-init[1357]: Cloud-init v. 19.2-36-g059d049c-0ubuntu1~16.04.1 running 'modules:final' at Wed, 09 Oct 2019 14:32:32 +0000. Up 9.51 seconds.
[    9.624684] cloud-init[1357]: Cloud-init v. 19.2-36-g059d049c-0ubuntu1~16.04.1 finished at Wed, 09 Oct 2019 14:32:32 +0000. Datasource DataSourceNoCloud [seed=/dev/sdb][dsmode=net].  Up 9.60 seconds
[[0;32m  OK  [0m] Started Execute cloud user/final scripts.
[[0;32m  OK  [0m] Reached target Cloud-init target.

Ubuntu 16.04.6 LTS ubuntu-xenial ttyS0

ubuntu-xenial login: 